1531482547469	geckodriver	INFO	geckodriver 0.21.0
1531482547672	geckodriver	INFO	Listening on 127.0.0.1:51819
1531482553297	mozrunner::runner	INFO	Running command: "C:\\Program Files\\Mozilla Firefox\\firefox.exe" "-marionette" "-foreground" "-no-remote" "-profile" "C:\\Users\\ludwig\\AppData\\Local\\Temp\\rust_mozprofile.P1c2XCDQb5l3"
Unable to read VR Path Registry from C:\Users\ludwig\AppData\Local\openvr\openvrpaths.vrpath
Unable to read VR Path Registry from C:\Users\ludwig\AppData\Local\openvr\openvrpaths.vrpath
Unable to read VR Path Registry from C:\Users\ludwig\AppData\Local\openvr\openvrpaths.vrpath
Unable to read VR Path Registry from C:\Users\ludwig\AppData\Local\openvr\openvrpaths.vrpath
Unable to read VR Path Registry from C:\Users\ludwig\AppData\Local\openvr\openvrpaths.vrpath
1531482575493	Marionette	INFO	Listening on port 51831
1531482576651	addons.xpi	WARN	Exception running bootstrap method shutdown on activity-stream@mozilla.org: [Exception... "Component returned failure code: 0x80004005 (NS_ERROR_FAILURE) [nsIObserverService.removeObserver]"  nsresult: "0x80004005 (NS_ERROR_FAILURE)"  location: "JS frame :: resource://activity-stream/lib/TelemetryFeed.jsm :: uninit :: line 493"  data: no] Stack trace: uninit()@resource://activity-stream/lib/TelemetryFeed.jsm:493
onAction()@resource://activity-stream/lib/TelemetryFeed.jsm:451
_middleware/</<()@resource://activity-stream/lib/Store.jsm:51
Store/this[method]()@resource://activity-stream/lib/Store.jsm:29
uninit()@resource://activity-stream/lib/Store.jsm:170
uninit()@resource://activity-stream/lib/ActivityStream.jsm:318
uninit()@resource://gre/modules/addons/XPIProvider.jsm -> jar:file:///C:/Program%20Files/Mozilla%20Firefox/browser/features/activity-stream@mozilla.org.xpi!/bootstrap.js:79
shutdown()@resource://gre/modules/addons/XPIProvider.jsm -> jar:file:///C:/Program%20Files/Mozilla%20Firefox/browser/features/activity-stream@mozilla.org.xpi!/bootstrap.js:187
callBootstrapMethod()@resource://gre/modules/addons/XPIProvider.jsm:2757
observe()@resource://gre/modules/addons/XPIProvider.jsm:1672
1531482576811	Marionette	WARN	TLS certificate errors will be ignored for this session
JavaScript error: resource:///modules/SavantShieldStudy.jsm, line 171: TypeError: this.addonListener is undefined
[Parent 2680, Gecko_IOThread] WARNING: pipe error: 109: file z:/build/build/src/ipc/chromium/src/chrome/common/ipc_channel_win.cc, line 346
[Child 11824, Chrome_ChildThread] WARNING: pipe error: 109: file z:/build/build/src/ipc/chromium/src/chrome/common/ipc_channel_win.cc, line 346
[Child 11824,[Parent 2680, Gecko_IOThread] WARNING: pipe error: 109: file z:/build/build/src/ipc/chromium/src/chrome/common/ipc_channel_win.cc, line 346
[Child 12624, Chrome_ChildThread] WARNING: pipe error: 109: file z:/build/build/src/ipc/chromium/src/chrome/common/ipc_channel_win.cc, line 346
[Child 1262[Parent 2680, Gecko_IOThread] WARNING: pipe error: 109: file z:/build/build/src/ipc/chromium/src/chrome/common/ipc_channel_win.cc, line 346
[Child 4128, Chrome_ChildThread] WARNING: pipe error: 109: file z:/build/build/src/ipc/chromium/src/chrome/common/ipc_channel_win.cc, line 346
[Child 4128, C*** UTM:SVC TimerManager:registerTimer called after profile-before-change notification. Ignoring timer registration for id: telemetry_modules_ping
[GPU 424
###!!! [Child][MessageChannel::SendAndWait] Error: Channel error: cannot send/recv

1531482669181	geckodriver	INFO	geckodriver 0.21.0
1531482669188	geckodriver	INFO	Listening on 127.0.0.1:51928
1531482672351	mozrunner::runner	INFO	Running command: "C:\\Program Files\\Mozilla Firefox\\firefox.exe" "-marionette" "-foreground" "-no-remote" "-profile" "C:\\Users\\ludwig\\AppData\\Local\\Temp\\rust_mozprofile.uPG64Tc0rTWX"
Unable to read VR Path Registry from C:\Users\ludwig\AppData\Local\openvr\openvrpaths.vrpath
Unable to read VR Path Registry from C:\Users\ludwig\AppData\Local\openvr\openvrpaths.vrpath
Unable to read VR Path Registry from C:\Users\ludwig\AppData\Local\openvr\openvrpaths.vrpath
Unable to read VR Path Registry from C:\Users\ludwig\AppData\Local\openvr\openvrpaths.vrpath
Unable to read VR Path Registry from C:\Users\ludwig\AppData\Local\openvr\openvrpaths.vrpath
1531482678967	Marionette	INFO	Listening on port 51936
1531482679209	Marionette	WARN	TLS certificate errors will be ignored for this session
[Parent 6428, Gecko_IOThread] WARNING: pipe error: 109: file z:/build/build/src/ipc/chromium/src/chrome/common/ipc_channel_win.cc, line 346
[Child 6480, Chrome_ChildThread] WARNING: pipe error: 109: file z:/build/build/src/ipc/chromium/src/chrome/common/ipc_channel_win.cc, line 346
[Child 6480, Chrome_ChildThread] WARNING: pipe error: 109: file z:/build/build/src/ipc/chromium/src/chrome/common/ipc_channel_win.cc, line 346
[Parent 6428, Gecko_IOThread] WARNING: pipe error: 109: file z:/build/build/src/ipc/chromium/src/chrome/common/ipc_channel_win.cc, line 346
[Child 11672, Chrome_ChildThread] WARNING: pipe error: 109: file z:/build/build/src/ipc/chromium/src/chrome/common/ipc_channel_win.cc, line 346
[Child 11672, [Parent 6428, Gecko_IOThread] WARNING: pipe error: 109: file z:/build/build/src/ipc/chromium/src/chrome/common/ipc_channel_win.cc, line 346
[Child 9376, Chrome_ChildThread] WARNING: pipe error: 109: file z:/build/build/src/ipc/chromium/src/chrome/common/ipc_channel_win.cc, line 346
[Child 9376, Chrome_Chil